\BOOKMARK [1][-]{section.1}{\376\377\000\122\000\141\000\144\000\145\000\155\000\141\000\143\000\150\000\145\000\162\000\040\000\103\000\157\000\155\000\160\000\154\000\145\000\170\000\151\000\164\000\171\000\040\000\141\000\156\000\144\000\040\000\126\000\103\000\055\000\104\000\151\000\155\000\145\000\156\000\163\000\151\000\157\000\156}{}% 1
\BOOKMARK [2][-]{subsection.1.1}{\376\377\000\122\000\141\000\144\000\145\000\155\000\141\000\143\000\150\000\145\000\162\000\040\000\143\000\157\000\155\000\160\000\154\000\145\000\170\000\151\000\164\000\171}{section.1}% 2
\BOOKMARK [2][-]{subsection.1.2}{\376\377\000\107\000\162\000\157\000\167\000\164\000\150\000\040\000\146\000\165\000\156\000\143\000\164\000\151\000\157\000\156}{section.1}% 3
\BOOKMARK [2][-]{subsection.1.3}{\376\377\000\126\000\103\000\055\000\144\000\151\000\155\000\145\000\156\000\163\000\151\000\157\000\156}{section.1}% 4
\BOOKMARK [1][-]{section.2}{\376\377\000\102\000\157\000\157\000\163\000\164\000\151\000\156\000\147}{}% 5
\BOOKMARK [2][-]{subsection.2.1}{\376\377\000\111\000\156\000\164\000\162\000\157\000\144\000\165\000\143\000\164\000\151\000\157\000\156}{section.2}% 6
\BOOKMARK [3][-]{subsubsection.2.1.1}{\376\377\000\101\000\144\000\141\000\102\000\157\000\157\000\163\000\164}{subsection.2.1}% 7
\BOOKMARK [1][-]{section.3}{\376\377\000\117\000\156\000\055\000\114\000\151\000\156\000\145\000\040\000\114\000\145\000\141\000\162\000\156\000\151\000\156\000\147}{}% 8
\BOOKMARK [2][-]{subsection.3.1}{\376\377\000\111\000\156\000\164\000\162\000\157\000\144\000\165\000\143\000\164\000\151\000\157\000\156}{section.3}% 9
\BOOKMARK [2][-]{subsection.3.2}{\376\377\000\120\000\162\000\145\000\144\000\151\000\143\000\164\000\151\000\157\000\156\000\040\000\167\000\151\000\164\000\150\000\040\000\145\000\170\000\160\000\145\000\162\000\164\000\040\000\141\000\144\000\166\000\151\000\143\000\145}{section.3}% 10
\BOOKMARK [3][-]{subsubsection.3.2.1}{\376\377\000\115\000\151\000\163\000\164\000\141\000\153\000\145\000\040\000\142\000\157\000\165\000\156\000\144\000\163\000\040\000\141\000\156\000\144\000\040\000\110\000\141\000\154\000\166\000\151\000\156\000\147\000\040\000\141\000\154\000\147\000\157\000\162\000\151\000\164\000\150\000\155}{subsection.3.2}% 11
\BOOKMARK [3][-]{subsubsection.3.2.2}{\376\377\000\127\000\145\000\151\000\147\000\150\000\164\000\145\000\144\000\040\000\155\000\141\000\152\000\157\000\162\000\151\000\164\000\171\000\040\000\141\000\154\000\147\000\157\000\162\000\151\000\164\000\150\000\155}{subsection.3.2}% 12
\BOOKMARK [3][-]{subsubsection.3.2.3}{\376\377\000\122\000\141\000\156\000\144\000\157\000\155\000\151\000\172\000\145\000\144\000\040\000\167\000\145\000\151\000\147\000\150\000\164\000\145\000\144\000\040\000\155\000\141\000\152\000\157\000\162\000\151\000\164\000\171\000\040\000\141\000\154\000\147\000\157\000\162\000\151\000\164\000\150\000\155}{subsection.3.2}% 13
\BOOKMARK [1][-]{section.4}{\376\377\000\104\000\151\000\155\000\145\000\156\000\163\000\151\000\157\000\156\000\141\000\154\000\151\000\164\000\171\000\040\000\122\000\145\000\144\000\165\000\143\000\164\000\151\000\157\000\156}{}% 14
\BOOKMARK [2][-]{subsection.4.1}{\376\377\000\120\000\162\000\151\000\156\000\143\000\151\000\160\000\141\000\154\000\040\000\103\000\157\000\155\000\160\000\157\000\156\000\145\000\156\000\164\000\040\000\101\000\156\000\141\000\154\000\171\000\163\000\151\000\163}{section.4}% 15
\BOOKMARK [3][-]{subsubsection.4.1.1}{\376\377\131\107\137\002\120\074\122\006\211\343\000\050\000\123\000\151\000\156\000\147\000\165\000\154\000\141\000\162\000\040\000\126\000\141\000\154\000\165\000\145\000\040\000\104\000\145\000\143\000\157\000\155\000\160\000\157\000\163\000\151\000\164\000\151\000\157\000\156}{subsection.4.1}% 16
\BOOKMARK [3][-]{subsubsection.4.1.2}{\376\377\153\143\116\244\142\225\137\161\167\351\226\065\000\050\000\157\000\162\000\164\000\150\000\157\000\147\000\157\000\156\000\141\000\154\000\040\000\160\000\162\000\157\000\152\000\145\000\143\000\164\000\151\000\157\000\156\000\040\000\155\000\141\000\164\000\162\000\151\000\170\000\051\377\032}{subsection.4.1}% 17
\BOOKMARK [3][-]{subsubsection.4.1.3}{\376\377\000\120\000\103\000\101}{subsection.4.1}% 18
\BOOKMARK [2][-]{subsection.4.2}{\376\377\000\113\000\145\000\162\000\156\000\145\000\154\000\040\000\120\000\162\000\151\000\156\000\143\000\151\000\160\000\141\000\154\000\040\000\103\000\157\000\155\000\160\000\157\000\156\000\145\000\156\000\164\000\040\000\101\000\156\000\141\000\154\000\171\000\163\000\151\000\163}{section.4}% 19
\BOOKMARK [2][-]{subsection.4.3}{\376\377\000\112\000\157\000\150\000\156\000\163\000\157\000\156\000\055\000\114\000\151\000\156\000\144\000\145\000\156\000\163\000\164\000\162\000\141\000\165\000\163\000\163\000\040\000\154\000\145\000\155\000\155\000\141}{section.4}% 20
